<?xml version="1.0" encoding="UTF-8"?>
<testsuite name="com.product.assignment.service.OrderServiceTest" tests="6" skipped="0" failures="0" errors="0" timestamp="2025-04-23T06:06:00" hostname="pksubui-MacBookPro.local" time="0.052">
  <properties/>
  <testcase name="createOrder_WithValidCart_ShouldCreateOrder()" classname="com.product.assignment.service.OrderServiceTest" time="0.045"/>
  <testcase name="processPayment_WithAlreadyProcessedOrder_ShouldThrowException()" classname="com.product.assignment.service.OrderServiceTest" time="0.002"/>
  <testcase name="getCustomerOrders_ShouldReturnOrders()" classname="com.product.assignment.service.OrderServiceTest" time="0.001"/>
  <testcase name="processPayment_WithValidOrder_ShouldProcessPayment()" classname="com.product.assignment.service.OrderServiceTest" time="0.001"/>
  <testcase name="createOrder_WithEmptyCart_ShouldThrowException()" classname="com.product.assignment.service.OrderServiceTest" time="0.001"/>
  <testcase name="processPayment_WithNonExistentOrder_ShouldThrowException()" classname="com.product.assignment.service.OrderServiceTest" time="0.001"/>
  <system-out><![CDATA[]]></system-out>
  <system-err><![CDATA[]]></system-err>
</testsuite>
