<?xml version="1.0" encoding="UTF-8"?>
<testsuite name="com.product.assignment.service.ProductServiceTest" tests="5" skipped="0" failures="0" errors="0" timestamp="2025-04-23T06:06:00" hostname="pksubui-MacBookPro.local" time="0.028">
  <properties/>
  <testcase name="getProduct_WithInvalidId_ShouldThrowException()" classname="com.product.assignment.service.ProductServiceTest" time="0.024"/>
  <testcase name="updateStock_WithInvalidQuantity_ShouldThrowException()" classname="com.product.assignment.service.ProductServiceTest" time="0.001"/>
  <testcase name="getProduct_WithValidId_ShouldReturnProduct()" classname="com.product.assignment.service.ProductServiceTest" time="0.0"/>
  <testcase name="updateStock_WithValidQuantity_ShouldUpdateStock()" classname="com.product.assignment.service.ProductServiceTest" time="0.0"/>
  <testcase name="getAllProducts_ShouldReturnAllProducts()" classname="com.product.assignment.service.ProductServiceTest" time="0.0"/>
  <system-out><![CDATA[]]></system-out>
  <system-err><![CDATA[]]></system-err>
</testsuite>
